<?xml version="1.0" encoding="UTF-8"?>
<testng-results ignored="0" total="1" passed="1" failed="0" skipped="0">
  <reporter-output>
  </reporter-output>
  <suite started-at="2024-09-14T23:27:02 EDT" name="Master Suite" finished-at="2024-09-14T23:27:11 EDT" duration-ms="9269">
    <groups>
      <group name="master">
        <method signature="TC006_E2ETest.verify_e2e_purchase()[pri:0, instance:testCases.TC006_E2ETest@5c1bd44c]" name="verify_e2e_purchase" class="testCases.TC006_E2ETest"/>
      </group> <!-- master -->
    </groups>
    <test started-at="2024-09-14T23:27:02 EDT" name="Test" finished-at="2024-09-14T23:27:11 EDT" duration-ms="9269">
      <class name="testCases.TC006_E2ETest">
        <test-method is-config="true" signature="setup(java.lang.String,java.lang.String)[pri:0, instance:testCases.TC006_E2ETest@5c1bd44c]" started-at="2024-09-14T23:27:02 EDT" name="setup" finished-at="2024-09-14T23:27:06 EDT" duration-ms="4114" status="PASS">
          <params>
            <param index="0">
              <value>
                <![CDATA[Windows]]>
              </value>
            </param>
            <param index="1">
              <value>
                <![CDATA[chrome]]>
              </value>
            </param>
          </params>
          <reporter-output>
          </reporter-output>
        </test-method> <!-- setup -->
        <test-method signature="verify_e2e_purchase()[pri:0, instance:testCases.TC006_E2ETest@5c1bd44c]" started-at="2024-09-14T23:27:06 EDT" name="verify_e2e_purchase" finished-at="2024-09-14T23:27:11 EDT" duration-ms="4772" status="PASS">
          <reporter-output>
          </reporter-output>
        </test-method> <!-- verify_e2e_purchase -->
        <test-method is-config="true" signature="tearDown()[pri:0, instance:testCases.TC006_E2ETest@5c1bd44c]" started-at="2024-09-14T23:27:11 EDT" name="tearDown" finished-at="2024-09-14T23:27:11 EDT" duration-ms="195" status="PASS">
          <reporter-output>
          </reporter-output>
        </test-method> <!-- tearDown -->
      </class> <!-- testCases.TC006_E2ETest -->
    </test> <!-- Test -->
  </suite> <!-- Master Suite -->
</testng-results>
